1700819012.206897 client started (79042): version next-3.4, socket /private/tmp/tmux-501/default, protocol 8
1700819012.206954 on Darwin 23.0.0 Darwin Kernel Version 23.0.0: Fri Sep 15 14:41:34 PDT 2023; root:xnu-10002.1.13~1/RELEASE_ARM64_T8103
1700819012.206964 using libevent 2.1.12-stable select
1700819012.207301 using utf8proc 2.9.0
1700819012.207314 using ncurses 6.4 20221231
1700819012.207329 flags are 0x10010000
1700819012.207334 socket is /private/tmp/tmux-501/default
1700819012.207341 trying connect
1700819012.207364 add peer 0x158048000: 6 (0x0)
1700819012.210050 sending message 100 to peer 0x158048000 (4 bytes)
1700819012.210067 sending message 111 to peer 0x158048000 (8 bytes)
1700819012.210073 sending message 101 to peer 0x158048000 (10 bytes)
1700819012.210078 sending message 109 to peer 0x158048000 (4 bytes)
1700819012.210082 sending message 102 to peer 0x158048000 (13 bytes)
1700819012.210087 sending message 108 to peer 0x158048000 (28 bytes)
1700819012.210091 sending message 112 to peer 0x158048000 (58 bytes)
1700819012.210097 sending message 112 to peer 0x158048000 (5 bytes)
1700819012.210102 sending message 112 to peer 0x158048000 (5 bytes)
1700819012.210106 sending message 112 to peer 0x158048000 (6 bytes)
1700819012.210111 sending message 112 to peer 0x158048000 (6 bytes)
1700819012.210115 sending message 112 to peer 0x158048000 (10 bytes)
1700819012.210119 sending message 112 to peer 0x158048000 (13 bytes)
1700819012.210123 sending message 112 to peer 0x158048000 (14 bytes)
1700819012.210128 sending message 112 to peer 0x158048000 (19 bytes)
1700819012.210132 sending message 112 to peer 0x158048000 (11 bytes)
1700819012.210136 sending message 112 to peer 0x158048000 (10 bytes)
1700819012.210141 sending message 112 to peer 0x158048000 (15 bytes)
1700819012.210145 sending message 112 to peer 0x158048000 (21 bytes)
1700819012.210149 sending message 112 to peer 0x158048000 (13 bytes)
1700819012.210154 sending message 112 to peer 0x158048000 (7 bytes)
1700819012.210158 sending message 112 to peer 0x158048000 (13 bytes)
1700819012.210162 sending message 112 to peer 0x158048000 (7 bytes)
1700819012.210166 sending message 112 to peer 0x158048000 (13 bytes)
1700819012.210171 sending message 112 to peer 0x158048000 (9 bytes)
1700819012.210175 sending message 112 to peer 0x158048000 (21 bytes)
1700819012.210179 sending message 112 to peer 0x158048000 (13 bytes)
1700819012.210183 sending message 112 to peer 0x158048000 (9 bytes)
1700819012.210188 sending message 112 to peer 0x158048000 (16 bytes)
1700819012.210192 sending message 112 to peer 0x158048000 (13 bytes)
1700819012.210196 sending message 112 to peer 0x158048000 (9 bytes)
1700819012.210200 sending message 112 to peer 0x158048000 (9 bytes)
1700819012.210205 sending message 112 to peer 0x158048000 (12 bytes)
1700819012.210209 sending message 112 to peer 0x158048000 (8 bytes)
1700819012.210213 sending message 112 to peer 0x158048000 (8 bytes)
1700819012.210217 sending message 112 to peer 0x158048000 (13 bytes)
1700819012.210222 sending message 112 to peer 0x158048000 (7 bytes)
1700819012.210226 sending message 112 to peer 0x158048000 (7 bytes)
1700819012.210230 sending message 112 to peer 0x158048000 (9 bytes)
1700819012.210234 sending message 112 to peer 0x158048000 (6 bytes)
1700819012.210239 sending message 112 to peer 0x158048000 (9 bytes)
1700819012.210243 sending message 112 to peer 0x158048000 (15 bytes)
1700819012.210247 sending message 112 to peer 0x158048000 (13 bytes)
1700819012.210251 sending message 112 to peer 0x158048000 (12 bytes)
1700819012.210255 sending message 112 to peer 0x158048000 (8 bytes)
1700819012.210260 sending message 112 to peer 0x158048000 (14 bytes)
1700819012.210264 sending message 112 to peer 0x158048000 (11 bytes)
1700819012.210268 sending message 112 to peer 0x158048000 (9 bytes)
1700819012.210272 sending message 112 to peer 0x158048000 (10 bytes)
1700819012.210277 sending message 112 to peer 0x158048000 (10 bytes)
1700819012.210281 sending message 112 to peer 0x158048000 (10 bytes)
1700819012.210285 sending message 112 to peer 0x158048000 (10 bytes)
1700819012.210299 sending message 112 to peer 0x158048000 (11 bytes)
1700819012.210302 sending message 112 to peer 0x158048000 (12 bytes)
1700819012.210305 sending message 112 to peer 0x158048000 (12 bytes)
1700819012.210308 sending message 112 to peer 0x158048000 (12 bytes)
1700819012.210310 sending message 112 to peer 0x158048000 (12 bytes)
1700819012.210313 sending message 112 to peer 0x158048000 (12 bytes)
1700819012.210316 sending message 112 to peer 0x158048000 (11 bytes)
1700819012.210319 sending message 112 to peer 0x158048000 (11 bytes)
1700819012.210322 sending message 112 to peer 0x158048000 (12 bytes)
1700819012.210324 sending message 112 to peer 0x158048000 (12 bytes)
1700819012.210327 sending message 112 to peer 0x158048000 (12 bytes)
1700819012.210330 sending message 112 to peer 0x158048000 (12 bytes)
1700819012.210333 sending message 112 to peer 0x158048000 (12 bytes)
1700819012.210335 sending message 112 to peer 0x158048000 (9 bytes)
1700819012.210338 sending message 112 to peer 0x158048000 (12 bytes)
1700819012.210341 sending message 112 to peer 0x158048000 (13 bytes)
1700819012.210344 sending message 112 to peer 0x158048000 (13 bytes)
1700819012.210347 sending message 112 to peer 0x158048000 (13 bytes)
1700819012.210349 sending message 112 to peer 0x158048000 (13 bytes)
1700819012.210352 sending message 112 to peer 0x158048000 (13 bytes)
1700819012.210355 sending message 112 to peer 0x158048000 (8 bytes)
1700819012.210358 sending message 112 to peer 0x158048000 (11 bytes)
1700819012.210361 sending message 112 to peer 0x158048000 (11 bytes)
1700819012.210363 sending message 112 to peer 0x158048000 (11 bytes)
1700819012.210366 sending message 112 to peer 0x158048000 (12 bytes)
1700819012.210369 sending message 112 to peer 0x158048000 (12 bytes)
1700819012.210372 sending message 112 to peer 0x158048000 (12 bytes)
1700819012.210375 sending message 112 to peer 0x158048000 (12 bytes)
1700819012.210378 sending message 112 to peer 0x158048000 (13 bytes)
1700819012.210380 sending message 112 to peer 0x158048000 (13 bytes)
1700819012.210383 sending message 112 to peer 0x158048000 (13 bytes)
1700819012.210386 sending message 112 to peer 0x158048000 (8 bytes)
1700819012.210389 sending message 112 to peer 0x158048000 (13 bytes)
1700819012.210392 sending message 112 to peer 0x158048000 (13 bytes)
1700819012.210394 sending message 112 to peer 0x158048000 (13 bytes)
1700819012.210397 sending message 112 to peer 0x158048000 (13 bytes)
1700819012.210400 sending message 112 to peer 0x158048000 (13 bytes)
1700819012.210403 sending message 112 to peer 0x158048000 (12 bytes)
1700819012.210406 sending message 112 to peer 0x158048000 (12 bytes)
1700819012.210408 sending message 112 to peer 0x158048000 (12 bytes)
1700819012.210411 sending message 112 to peer 0x158048000 (12 bytes)
1700819012.210414 sending message 112 to peer 0x158048000 (13 bytes)
1700819012.210417 sending message 112 to peer 0x158048000 (8 bytes)
1700819012.210419 sending message 112 to peer 0x158048000 (13 bytes)
1700819012.210422 sending message 112 to peer 0x158048000 (13 bytes)
1700819012.210425 sending message 112 to peer 0x158048000 (13 bytes)
1700819012.210428 sending message 112 to peer 0x158048000 (13 bytes)
1700819012.210431 sending message 112 to peer 0x158048000 (13 bytes)
1700819012.210433 sending message 112 to peer 0x158048000 (13 bytes)
1700819012.210436 sending message 112 to peer 0x158048000 (13 bytes)
1700819012.210439 sending message 112 to peer 0x158048000 (12 bytes)
1700819012.210442 sending message 112 to peer 0x158048000 (12 bytes)
1700819012.210444 sending message 112 to peer 0x158048000 (12 bytes)
1700819012.210447 sending message 112 to peer 0x158048000 (8 bytes)
1700819012.210450 sending message 112 to peer 0x158048000 (12 bytes)
1700819012.210453 sending message 112 to peer 0x158048000 (13 bytes)
1700819012.210456 sending message 112 to peer 0x158048000 (13 bytes)
1700819012.210458 sending message 112 to peer 0x158048000 (13 bytes)
1700819012.210461 sending message 112 to peer 0x158048000 (13 bytes)
1700819012.210470 sending message 112 to peer 0x158048000 (13 bytes)
1700819012.210473 sending message 112 to peer 0x158048000 (13 bytes)
1700819012.210476 sending message 112 to peer 0x158048000 (13 bytes)
1700819012.210479 sending message 112 to peer 0x158048000 (13 bytes)
1700819012.210481 sending message 112 to peer 0x158048000 (12 bytes)
1700819012.210484 sending message 112 to peer 0x158048000 (10 bytes)
1700819012.210487 sending message 112 to peer 0x158048000 (12 bytes)
1700819012.210490 sending message 112 to peer 0x158048000 (12 bytes)
1700819012.210492 sending message 112 to peer 0x158048000 (12 bytes)
1700819012.210495 sending message 112 to peer 0x158048000 (13 bytes)
1700819012.210498 sending message 112 to peer 0x158048000 (13 bytes)
1700819012.210501 sending message 112 to peer 0x158048000 (13 bytes)
1700819012.210503 sending message 112 to peer 0x158048000 (13 bytes)
1700819012.210506 sending message 112 to peer 0x158048000 (13 bytes)
1700819012.210509 sending message 112 to peer 0x158048000 (13 bytes)
1700819012.210512 sending message 112 to peer 0x158048000 (13 bytes)
1700819012.210514 sending message 112 to peer 0x158048000 (10 bytes)
1700819012.210517 sending message 112 to peer 0x158048000 (13 bytes)
1700819012.210520 sending message 112 to peer 0x158048000 (12 bytes)
1700819012.210523 sending message 112 to peer 0x158048000 (12 bytes)
1700819012.210525 sending message 112 to peer 0x158048000 (12 bytes)
1700819012.210528 sending message 112 to peer 0x158048000 (10 bytes)
1700819012.210531 sending message 112 to peer 0x158048000 (10 bytes)
1700819012.210534 sending message 112 to peer 0x158048000 (10 bytes)
1700819012.210536 sending message 112 to peer 0x158048000 (12 bytes)
1700819012.210539 sending message 112 to peer 0x158048000 (13 bytes)
1700819012.210542 sending message 112 to peer 0x158048000 (13 bytes)
1700819012.210545 sending message 112 to peer 0x158048000 (13 bytes)
1700819012.210548 sending message 112 to peer 0x158048000 (13 bytes)
1700819012.210550 sending message 112 to peer 0x158048000 (13 bytes)
1700819012.210553 sending message 112 to peer 0x158048000 (10 bytes)
1700819012.210556 sending message 112 to peer 0x158048000 (11 bytes)
1700819012.210559 sending message 112 to peer 0x158048000 (12 bytes)
1700819012.210561 sending message 112 to peer 0x158048000 (12 bytes)
1700819012.210564 sending message 112 to peer 0x158048000 (12 bytes)
1700819012.210567 sending message 112 to peer 0x158048000 (12 bytes)
1700819012.210570 sending message 112 to peer 0x158048000 (12 bytes)
1700819012.210572 sending message 112 to peer 0x158048000 (11 bytes)
1700819012.210575 sending message 112 to peer 0x158048000 (12 bytes)
1700819012.210578 sending message 112 to peer 0x158048000 (12 bytes)
1700819012.210581 sending message 112 to peer 0x158048000 (13 bytes)
1700819012.210583 sending message 112 to peer 0x158048000 (13 bytes)
1700819012.210586 sending message 112 to peer 0x158048000 (13 bytes)
1700819012.210589 sending message 112 to peer 0x158048000 (13 bytes)
1700819012.210592 sending message 112 to peer 0x158048000 (13 bytes)
1700819012.210594 sending message 112 to peer 0x158048000 (10 bytes)
1700819012.210597 sending message 112 to peer 0x158048000 (9 bytes)
1700819012.210600 sending message 112 to peer 0x158048000 (12 bytes)
1700819012.210603 sending message 112 to peer 0x158048000 (13 bytes)
1700819012.210606 sending message 112 to peer 0x158048000 (13 bytes)
1700819012.210608 sending message 112 to peer 0x158048000 (13 bytes)
1700819012.210611 sending message 112 to peer 0x158048000 (13 bytes)
1700819012.210614 sending message 112 to peer 0x158048000 (13 bytes)
1700819012.210617 sending message 112 to peer 0x158048000 (9 bytes)
1700819012.210619 sending message 112 to peer 0x158048000 (12 bytes)
1700819012.210622 sending message 112 to peer 0x158048000 (13 bytes)
1700819012.210625 sending message 112 to peer 0x158048000 (13 bytes)
1700819012.210628 sending message 112 to peer 0x158048000 (13 bytes)
1700819012.210630 sending message 112 to peer 0x158048000 (13 bytes)
1700819012.210633 sending message 112 to peer 0x158048000 (13 bytes)
1700819012.210641 sending message 112 to peer 0x158048000 (11 bytes)
1700819012.210644 sending message 112 to peer 0x158048000 (12 bytes)
1700819012.210647 sending message 112 to peer 0x158048000 (13 bytes)
1700819012.210650 sending message 112 to peer 0x158048000 (13 bytes)
1700819012.210652 sending message 112 to peer 0x158048000 (13 bytes)
1700819012.210655 sending message 112 to peer 0x158048000 (13 bytes)
1700819012.210658 sending message 112 to peer 0x158048000 (13 bytes)
1700819012.210661 sending message 112 to peer 0x158048000 (11 bytes)
1700819012.210663 sending message 112 to peer 0x158048000 (12 bytes)
1700819012.210666 sending message 112 to peer 0x158048000 (12 bytes)
1700819012.210669 sending message 112 to peer 0x158048000 (12 bytes)
1700819012.210672 sending message 112 to peer 0x158048000 (12 bytes)
1700819012.210675 sending message 112 to peer 0x158048000 (12 bytes)
1700819012.210677 sending message 112 to peer 0x158048000 (21 bytes)
1700819012.210680 sending message 112 to peer 0x158048000 (12 bytes)
1700819012.210683 sending message 112 to peer 0x158048000 (9 bytes)
1700819012.210686 sending message 112 to peer 0x158048000 (6 bytes)
1700819012.210689 sending message 112 to peer 0x158048000 (13 bytes)
1700819012.210691 sending message 112 to peer 0x158048000 (10 bytes)
1700819012.210694 sending message 112 to peer 0x158048000 (24 bytes)
1700819012.210697 sending message 112 to peer 0x158048000 (13 bytes)
1700819012.210700 sending message 112 to peer 0x158048000 (9 bytes)
1700819012.210703 sending message 112 to peer 0x158048000 (70 bytes)
1700819012.210707 sending message 112 to peer 0x158048000 (69 bytes)
1700819012.210710 sending message 112 to peer 0x158048000 (12 bytes)
1700819012.210713 sending message 112 to peer 0x158048000 (10 bytes)
1700819012.210716 sending message 112 to peer 0x158048000 (10 bytes)
1700819012.210719 sending message 112 to peer 0x158048000 (24 bytes)
1700819012.210721 sending message 112 to peer 0x158048000 (13 bytes)
1700819012.210724 sending message 112 to peer 0x158048000 (10 bytes)
1700819012.210727 sending message 112 to peer 0x158048000 (10 bytes)
1700819012.210730 sending message 112 to peer 0x158048000 (17 bytes)
1700819012.210732 sending message 112 to peer 0x158048000 (10 bytes)
1700819012.210735 sending message 112 to peer 0x158048000 (13 bytes)
1700819012.210738 sending message 112 to peer 0x158048000 (17 bytes)
1700819012.210741 sending message 112 to peer 0x158048000 (9 bytes)
1700819012.210744 sending message 112 to peer 0x158048000 (15 bytes)
1700819012.210747 sending message 112 to peer 0x158048000 (5 bytes)
1700819012.210750 sending message 104 to peer 0x158048000 (0 bytes)
1700819012.210756 sending message 110 to peer 0x158048000 (0 bytes)
1700819012.210759 sending message 107 to peer 0x158048000 (4 bytes)
1700819012.210762 sending message 105 to peer 0x158048000 (82 bytes)
1700819012.210766 sending message 105 to peer 0x158048000 (86 bytes)
1700819012.210769 sending message 105 to peer 0x158048000 (31 bytes)
1700819012.210772 sending message 105 to peer 0x158048000 (34 bytes)
1700819012.210775 sending message 105 to peer 0x158048000 (20 bytes)
1700819012.210778 sending message 105 to peer 0x158048000 (22 bytes)
1700819012.210780 sending message 105 to peer 0x158048000 (19 bytes)
1700819012.210783 sending message 105 to peer 0x158048000 (95 bytes)
1700819012.210786 sending message 105 to peer 0x158048000 (12 bytes)
1700819012.210789 sending message 105 to peer 0x158048000 (32 bytes)
1700819012.210791 sending message 105 to peer 0x158048000 (51 bytes)
1700819012.210794 sending message 105 to peer 0x158048000 (54 bytes)
1700819012.210797 sending message 105 to peer 0x158048000 (55 bytes)
1700819012.210800 sending message 105 to peer 0x158048000 (257 bytes)
1700819012.210803 sending message 105 to peer 0x158048000 (50 bytes)
1700819012.210806 sending message 105 to peer 0x158048000 (14 bytes)
1700819012.210809 sending message 105 to peer 0x158048000 (21 bytes)
1700819012.210812 sending message 105 to peer 0x158048000 (34 bytes)
1700819012.210821 sending message 105 to peer 0x158048000 (33 bytes)
1700819012.210824 sending message 105 to peer 0x158048000 (15 bytes)
1700819012.210827 sending message 105 to peer 0x158048000 (17 bytes)
1700819012.210830 sending message 105 to peer 0x158048000 (20 bytes)
1700819012.210833 sending message 105 to peer 0x158048000 (19 bytes)
1700819012.210836 sending message 105 to peer 0x158048000 (28 bytes)
1700819012.210838 sending message 105 to peer 0x158048000 (52 bytes)
1700819012.210841 sending message 105 to peer 0x158048000 (67 bytes)
1700819012.210846 sending message 105 to peer 0x158048000 (1065 bytes)
1700819012.210849 sending message 105 to peer 0x158048000 (39 bytes)
1700819012.210852 sending message 105 to peer 0x158048000 (17 bytes)
1700819012.210855 sending message 105 to peer 0x158048000 (32 bytes)
1700819012.210857 sending message 105 to peer 0x158048000 (34 bytes)
1700819012.210860 sending message 105 to peer 0x158048000 (14 bytes)
1700819012.210863 sending message 105 to peer 0x158048000 (15 bytes)
1700819012.210866 sending message 105 to peer 0x158048000 (8 bytes)
1700819012.210869 sending message 105 to peer 0x158048000 (66 bytes)
1700819012.210871 sending message 105 to peer 0x158048000 (15 bytes)
1700819012.210874 sending message 105 to peer 0x158048000 (18 bytes)
1700819012.210877 sending message 105 to peer 0x158048000 (30 bytes)
1700819012.210880 sending message 105 to peer 0x158048000 (57 bytes)
1700819012.210884 sending message 105 to peer 0x158048000 (42 bytes)
1700819012.210888 sending message 105 to peer 0x158048000 (14 bytes)
1700819012.210890 sending message 105 to peer 0x158048000 (63 bytes)
1700819012.210893 sending message 105 to peer 0x158048000 (14 bytes)
1700819012.210896 sending message 105 to peer 0x158048000 (30 bytes)
1700819012.210899 sending message 105 to peer 0x158048000 (12 bytes)
1700819012.210902 sending message 105 to peer 0x158048000 (14 bytes)
1700819012.210904 sending message 105 to peer 0x158048000 (40 bytes)
1700819012.210907 sending message 105 to peer 0x158048000 (14 bytes)
1700819012.210910 sending message 105 to peer 0x158048000 (19 bytes)
1700819012.210913 sending message 105 to peer 0x158048000 (36 bytes)
1700819012.210915 sending message 105 to peer 0x158048000 (42 bytes)
1700819012.210918 sending message 105 to peer 0x158048000 (35 bytes)
1700819012.210921 sending message 105 to peer 0x158048000 (32 bytes)
1700819012.210924 sending message 105 to peer 0x158048000 (34 bytes)
1700819012.210926 sending message 105 to peer 0x158048000 (32 bytes)
1700819012.210929 sending message 105 to peer 0x158048000 (33 bytes)
1700819012.210932 sending message 105 to peer 0x158048000 (34 bytes)
1700819012.210935 sending message 105 to peer 0x158048000 (109 bytes)
1700819012.210938 sending message 105 to peer 0x158048000 (59 bytes)
1700819012.210940 sending message 105 to peer 0x158048000 (34 bytes)
1700819012.210943 sending message 105 to peer 0x158048000 (70 bytes)
1700819012.210946 sending message 105 to peer 0x158048000 (26 bytes)
1700819012.210949 sending message 105 to peer 0x158048000 (25 bytes)
1700819012.210952 sending message 106 to peer 0x158048000 (0 bytes)
1700819012.211006 sending message 200 to peer 0x158048000 (4 bytes)
1700819012.211011 client loop enter
1700819012.211248 peer 0x158048000 message 303
1700819012.211258 open write file 2 -
1700819012.211266 sending message 305 to peer 0x158048000 (8 bytes)
1700819012.211273 write check file 2
1700819012.211312 peer 0x158048000 message 304
1700819012.211316 write 58 to file 2
1700819012.211320 peer 0x158048000 message 203
1700819012.211323 file 2 58 bytes left
1700819012.211332 write check file 2
1700819012.211335 client loop exit
