[2m2024-10-23T15:24:56.008884Z[0m [31mERROR[0m [2mglazewm[0m[2m:[0m missing field `window_behavior`
[2m2024-10-23T15:25:19.107683Z[0m [31mERROR[0m [2mglazewm[0m[2m:[0m missing field `window_effects`
[2m2024-10-23T15:27:18.825957Z[0m [31mERROR[0m [2mglazewm[0m[2m:[0m window_effects.focused_window.corner_style.enabled: invalid type: string "rtrue", expected a boolean at line 61 column 16
[2m2024-10-30T08:36:17.085856Z[0m [31mERROR[0m [2mglazewm[0m[2m:[0m Another instance of the application is already running.
[2m2024-10-30T08:36:18.718849Z[0m [31mERROR[0m [2mglazewm[0m[2m:[0m Another instance of the application is already running.
[2m2024-10-31T02:12:43.600090Z[0m [31mERROR[0m [2mglazewm[0m[2m:[0m æ‹’ç»è®¿é—®ã€‚ (0x80070005)
[2m2024-10-31T10:56:55.507538Z[0m [31mERROR[0m [2mglazewm[0m[2m:[0m æ‹’ç»è®¿é—®ã€‚ (0x80070005)
[2m2024-11-03T04:45:30.818038Z[0m [31mERROR[0m [2mglazewm[0m[2m:[0m keybindings[2].commands: unrecognized subcommand
 at line 176 column 15
[2m2024-11-03T04:45:33.612257Z[0m [31mERROR[0m [2mglazewm[0m[2m:[0m keybindings[2].commands: unrecognized subcommand
 at line 176 column 15
[2m2024-11-12T00:55:42.106842Z[0m [31mERROR[0m [2mglazewm[0m[2m:[0m Another instance of the application is already running.
[2m2024-11-12T03:15:19.737115Z[0m [31mERROR[0m [2mglazewm[0m[2m:[0m keybindings[12].commands: unexpected argument found
 at line 272 column 15
[2m2024-11-12T03:15:21.536203Z[0m [31mERROR[0m [2mglazewm[0m[2m:[0m keybindings[12].commands: unexpected argument found
 at line 272 column 15
[2m2024-11-12T03:15:29.451867Z[0m [31mERROR[0m [2mglazewm[0m[2m:[0m keybindings[12].commands: unexpected argument found
 at line 272 column 15
[2m2024-11-12T03:15:31.299735Z[0m [31mERROR[0m [2mglazewm[0m[2m:[0m keybindings[12].commands: unexpected argument found
 at line 272 column 15
[2m2025-01-03T11:29:11.792724Z[0m [31mERROR[0m [2mglazewm[0m[2m:[0m keybindings[17].commands: unexpected argument found
 at line 214 column 15
[2m2025-01-03T11:29:14.310841Z[0m [31mERROR[0m [2mglazewm[0m[2m:[0m keybindings[17].commands: unexpected argument found
 at line 214 column 15
[2m2025-06-19T09:55:29.185465Z[0m [31mERROR[0m [2mglazewm[0m[2m:[0m æ‹’ç»è®¿é—®ã€‚ (0x80070005)
